[2025-08-26T22:40:02.482+0500] {local_task_job_runner.py:120} INFO - ::group::Pre task execution logs
[2025-08-26T22:40:02.490+0500] {taskinstance.py:2076} INFO - Dependencies all met for dep_context=non-requeueable deps ti=<TaskInstance: etl_csv_pipeline.extract_task scheduled__2025-08-25T00:00:00+00:00 [queued]>
[2025-08-26T22:40:02.493+0500] {taskinstance.py:2076} INFO - Dependencies all met for dep_context=requeueable deps ti=<TaskInstance: etl_csv_pipeline.extract_task scheduled__2025-08-25T00:00:00+00:00 [queued]>
[2025-08-26T22:40:02.493+0500] {taskinstance.py:2306} INFO - Starting attempt 3 of 3
[2025-08-26T22:40:02.498+0500] {taskinstance.py:2330} INFO - Executing <Task(PythonOperator): extract_task> on 2025-08-25 00:00:00+00:00
[2025-08-26T22:40:02.505+0500] {standard_task_runner.py:63} INFO - Started process 17422 to run task
[2025-08-26T22:40:02.508+0500] {standard_task_runner.py:90} INFO - Running: ['airflow', 'tasks', 'run', 'etl_csv_pipeline', 'extract_task', 'scheduled__2025-08-25T00:00:00+00:00', '--job-id', '7', '--raw', '--subdir', 'DAGS_FOLDER/etl_csv_pipeline.py', '--cfg-path', '/var/folders/qd/tg0x144j35g7_hrcjsdscnrw0000gn/T/tmprdl1u5jy']
[2025-08-26T22:40:02.509+0500] {standard_task_runner.py:91} INFO - Job 7: Subtask extract_task
[2025-08-26T22:40:02.530+0500] {task_command.py:426} INFO - Running <TaskInstance: etl_csv_pipeline.extract_task scheduled__2025-08-25T00:00:00+00:00 [running]> on host devs-macbook-pro-16.local
[2025-08-26T22:40:02.555+0500] {taskinstance.py:2648} INFO - Exporting env vars: AIRFLOW_CTX_DAG_OWNER='airflow' AIRFLOW_CTX_DAG_ID='etl_csv_pipeline' AIRFLOW_CTX_TASK_ID='extract_task' AIRFLOW_CTX_EXECUTION_DATE='2025-08-25T00:00:00+00:00' AIRFLOW_CTX_TRY_NUMBER='3' AIRFLOW_CTX_DAG_RUN_ID='scheduled__2025-08-25T00:00:00+00:00'
[2025-08-26T22:40:02.556+0500] {taskinstance.py:430} INFO - ::endgroup::
[2025-08-26T22:40:02.557+0500] {taskinstance.py:441} INFO - ::group::Post task execution logs
[2025-08-26T22:40:02.558+0500] {taskinstance.py:2905} ERROR - Task failed with exception
Traceback (most recent call last):
  File "/Users/dev/Library/Python/3.9/lib/python/site-packages/airflow/models/taskinstance.py", line 465, in _execute_task
    result = _execute_callable(context=context, **execute_callable_kwargs)
  File "/Users/dev/Library/Python/3.9/lib/python/site-packages/airflow/models/taskinstance.py", line 432, in _execute_callable
    return execute_callable(context=context, **execute_callable_kwargs)
  File "/Users/dev/Library/Python/3.9/lib/python/site-packages/airflow/models/baseoperator.py", line 400, in wrapper
    return func(self, *args, **kwargs)
  File "/Users/dev/Library/Python/3.9/lib/python/site-packages/airflow/operators/python.py", line 235, in execute
    return_value = self.execute_callable()
  File "/Users/dev/Library/Python/3.9/lib/python/site-packages/airflow/operators/python.py", line 252, in execute_callable
    return self.python_callable(*self.op_args, **self.op_kwargs)
  File "/Users/dev/Desktop/workspace/Data-Engineering/Apache-Airflow/Day-01/dags/etl_csv_pipeline.py", line 9, in extract
    df = pd.read_csv('/path/to/input.csv')
  File "/Users/dev/Library/Python/3.9/lib/python/site-packages/pandas/io/parsers/readers.py", line 1026, in read_csv
    return _read(filepath_or_buffer, kwds)
  File "/Users/dev/Library/Python/3.9/lib/python/site-packages/pandas/io/parsers/readers.py", line 620, in _read
    parser = TextFileReader(filepath_or_buffer, **kwds)
  File "/Users/dev/Library/Python/3.9/lib/python/site-packages/pandas/io/parsers/readers.py", line 1620, in __init__
    self._engine = self._make_engine(f, self.engine)
  File "/Users/dev/Library/Python/3.9/lib/python/site-packages/pandas/io/parsers/readers.py", line 1880, in _make_engine
    self.handles = get_handle(
  File "/Users/dev/Library/Python/3.9/lib/python/site-packages/pandas/io/common.py", line 873, in get_handle
    handle = open(
FileNotFoundError: [Errno 2] No such file or directory: '/path/to/input.csv'
[2025-08-26T22:40:02.581+0500] {taskinstance.py:1206} INFO - Marking task as FAILED. dag_id=etl_csv_pipeline, task_id=extract_task, run_id=scheduled__2025-08-25T00:00:00+00:00, execution_date=20250825T000000, start_date=20250826T174002, end_date=20250826T174002
[2025-08-26T22:40:02.584+0500] {standard_task_runner.py:110} ERROR - Failed to execute job 7 for task extract_task ([Errno 2] No such file or directory: '/path/to/input.csv'; 17422)
[2025-08-26T22:40:02.614+0500] {local_task_job_runner.py:240} INFO - Task exited with return code 1
[2025-08-26T22:40:02.624+0500] {taskinstance.py:3498} INFO - 0 downstream tasks scheduled from follow-on schedule check
[2025-08-26T22:40:02.626+0500] {local_task_job_runner.py:222} INFO - ::endgroup::
